This is pdfTeX, Version 3.14159265-2.6-1.40.18 (TeX Live 2017) (preloaded format=pdflatex 2017.11.25)  18 APR 2018 10:19
entering extended mode
 restricted \write18 enabled.
 %&-line parsing enabled.
**ml_mcmc_1d.tex
(./ml_mcmc_1d.tex
LaTeX2e <2017-04-15>
Babel <3.10> and hyphenation patterns for 84 language(s) loaded.
(/usr/local/texlive/2017/texmf-dist/tex/latex/base/article.cls
Document Class: article 2014/09/29 v1.4h Standard LaTeX document class
(/usr/local/texlive/2017/texmf-dist/tex/latex/base/size10.clo
File: size10.clo 2014/09/29 v1.4h Standard LaTeX file (size option)
)
\c@part=\count79
\c@section=\count80
\c@subsection=\count81
\c@subsubsection=\count82
\c@paragraph=\count83
\c@subparagraph=\count84
\c@figure=\count85
\c@table=\count86
\abovecaptionskip=\skip41
\belowcaptionskip=\skip42
\bibindent=\dimen102
)
(/usr/local/texlive/2017/texmf-dist/tex/latex/amsmath/amsmath.sty
Package: amsmath 2016/11/05 v2.16a AMS math features
\@mathmargin=\skip43

For additional information on amsmath, use the `?' option.
(/usr/local/texlive/2017/texmf-dist/tex/latex/amsmath/amstext.sty
Package: amstext 2000/06/29 v2.01 AMS text

(/usr/local/texlive/2017/texmf-dist/tex/latex/amsmath/amsgen.sty
File: amsgen.sty 1999/11/30 v2.0 generic functions
\@emptytoks=\toks14
\ex@=\dimen103
))
(/usr/local/texlive/2017/texmf-dist/tex/latex/amsmath/amsbsy.sty
Package: amsbsy 1999/11/29 v1.2d Bold Symbols
\pmbraise@=\dimen104
)
(/usr/local/texlive/2017/texmf-dist/tex/latex/amsmath/amsopn.sty
Package: amsopn 2016/03/08 v2.02 operator names
)
\inf@bad=\count87
LaTeX Info: Redefining \frac on input line 213.
\uproot@=\count88
\leftroot@=\count89
LaTeX Info: Redefining \overline on input line 375.
\classnum@=\count90
\DOTSCASE@=\count91
LaTeX Info: Redefining \ldots on input line 472.
LaTeX Info: Redefining \dots on input line 475.
LaTeX Info: Redefining \cdots on input line 596.
\Mathstrutbox@=\box26
\strutbox@=\box27
\big@size=\dimen105
LaTeX Font Info:    Redeclaring font encoding OML on input line 712.
LaTeX Font Info:    Redeclaring font encoding OMS on input line 713.
\macc@depth=\count92
\c@MaxMatrixCols=\count93
\dotsspace@=\muskip10
\c@parentequation=\count94
\dspbrk@lvl=\count95
\tag@help=\toks15
\row@=\count96
\column@=\count97
\maxfields@=\count98
\andhelp@=\toks16
\eqnshift@=\dimen106
\alignsep@=\dimen107
\tagshift@=\dimen108
\tagwidth@=\dimen109
\totwidth@=\dimen110
\lineht@=\dimen111
\@envbody=\toks17
\multlinegap=\skip44
\multlinetaggap=\skip45
\mathdisplay@stack=\toks18
LaTeX Info: Redefining \[ on input line 2817.
LaTeX Info: Redefining \] on input line 2818.
)
(/usr/local/texlive/2017/texmf-dist/tex/latex/listings/listings.sty
(/usr/local/texlive/2017/texmf-dist/tex/latex/graphics/keyval.sty
Package: keyval 2014/10/28 v1.15 key=value parser (DPC)
\KV@toks@=\toks19
)
\lst@mode=\count99
\lst@gtempboxa=\box28
\lst@token=\toks20
\lst@length=\count100
\lst@currlwidth=\dimen112
\lst@column=\count101
\lst@pos=\count102
\lst@lostspace=\dimen113
\lst@width=\dimen114
\lst@newlines=\count103
\lst@lineno=\count104
\lst@maxwidth=\dimen115

(/usr/local/texlive/2017/texmf-dist/tex/latex/listings/lstmisc.sty
File: lstmisc.sty 2015/06/04 1.6 (Carsten Heinz)
\c@lstnumber=\count105
\lst@skipnumbers=\count106
\lst@framebox=\box29
)
(/usr/local/texlive/2017/texmf-dist/tex/latex/listings/listings.cfg
File: listings.cfg 2015/06/04 1.6 listings configuration
))
Package: listings 2015/06/04 1.6 (Carsten Heinz)

(/usr/local/texlive/2017/texmf-dist/tex/latex/float/float.sty
Package: float 2001/11/08 v1.3d Float enhancements (AL)
\c@float@type=\count107
\float@exts=\toks21
\float@box=\box30
\@float@everytoks=\toks22
\@floatcapt=\box31
)
(/usr/local/texlive/2017/texmf-dist/tex/latex/graphics/graphicx.sty
Package: graphicx 2014/10/28 v1.0g Enhanced LaTeX Graphics (DPC,SPQR)

(/usr/local/texlive/2017/texmf-dist/tex/latex/graphics/graphics.sty
Package: graphics 2017/04/14 v1.1b Standard LaTeX Graphics (DPC,SPQR)

(/usr/local/texlive/2017/texmf-dist/tex/latex/graphics/trig.sty
Package: trig 2016/01/03 v1.10 sin cos tan (DPC)
)
(/usr/local/texlive/2017/texmf-dist/tex/latex/graphics-cfg/graphics.cfg
File: graphics.cfg 2016/06/04 v1.11 sample graphics configuration
)
Package graphics Info: Driver file: pdftex.def on input line 99.

(/usr/local/texlive/2017/texmf-dist/tex/latex/graphics-def/pdftex.def
File: pdftex.def 2017/01/12 v0.06k Graphics/color for pdfTeX

(/usr/local/texlive/2017/texmf-dist/tex/generic/oberdiek/infwarerr.sty
Package: infwarerr 2016/05/16 v1.4 Providing info/warning/error messages (HO)
)
(/usr/local/texlive/2017/texmf-dist/tex/generic/oberdiek/ltxcmds.sty
Package: ltxcmds 2016/05/16 v1.23 LaTeX kernel commands for general use (HO)
)
\Gread@gobject=\count108
))
\Gin@req@height=\dimen116
\Gin@req@width=\dimen117
)
(/usr/local/texlive/2017/texmf-dist/tex/latex/graphics/color.sty
Package: color 2016/07/10 v1.1e Standard LaTeX Color (DPC)

(/usr/local/texlive/2017/texmf-dist/tex/latex/graphics-cfg/color.cfg
File: color.cfg 2016/01/02 v1.6 sample color configuration
)
Package color Info: Driver file: pdftex.def on input line 147.
)
(/usr/local/texlive/2017/texmf-dist/tex/generic/babel/babel.sty
Package: babel 2017/05/19 3.10 The Babel package

(/usr/local/texlive/2017/texmf-dist/tex/generic/babel-english/english.ldf
Language: english 2017/01/24 v3.3q English support from the babel system

(/usr/local/texlive/2017/texmf-dist/tex/generic/babel/babel.def
File: babel.def 2017/05/19 3.10 Babel common definitions
\babel@savecnt=\count109
\U@D=\dimen118
)
\l@canadian = a dialect from \language\l@american 
\l@australian = a dialect from \language\l@british 
\l@newzealand = a dialect from \language\l@british 
))
(/usr/local/texlive/2017/texmf-dist/tex/latex/base/inputenc.sty
Package: inputenc 2015/03/17 v1.2c Input encoding file
\inpenc@prehook=\toks23
\inpenc@posthook=\toks24

(/usr/local/texlive/2017/texmf-dist/tex/latex/ucs/utf8x.def
File: utf8x.def 2004/10/17 UCS: Input encoding UTF-8
))
(/usr/local/texlive/2017/texmf-dist/tex/latex/ucs/ucs.sty
Package: ucs 2013/05/11 v2.2 UCS: Unicode input support

(/usr/local/texlive/2017/texmf-dist/tex/latex/ucs/data/uni-global.def
File: uni-global.def 2013/05/13 UCS: Unicode global data
)
\uc@secondtry=\count110
\uc@combtoks=\toks25
\uc@combtoksb=\toks26
\uc@temptokena=\toks27
)
(/usr/local/texlive/2017/texmf-dist/tex/latex/geometry/geometry.sty
Package: geometry 2010/09/12 v5.6 Page Geometry

(/usr/local/texlive/2017/texmf-dist/tex/generic/oberdiek/ifpdf.sty
Package: ifpdf 2017/03/15 v3.2 Provides the ifpdf switch
)
(/usr/local/texlive/2017/texmf-dist/tex/generic/oberdiek/ifvtex.sty
Package: ifvtex 2016/05/16 v1.6 Detect VTeX and its facilities (HO)
Package ifvtex Info: VTeX not detected.
)
(/usr/local/texlive/2017/texmf-dist/tex/generic/ifxetex/ifxetex.sty
Package: ifxetex 2010/09/12 v0.6 Provides ifxetex conditional
)
\Gm@cnth=\count111
\Gm@cntv=\count112
\c@Gm@tempcnt=\count113
\Gm@bindingoffset=\dimen119
\Gm@wd@mp=\dimen120
\Gm@odd@mp=\dimen121
\Gm@even@mp=\dimen122
\Gm@layoutwidth=\dimen123
\Gm@layoutheight=\dimen124
\Gm@layouthoffset=\dimen125
\Gm@layoutvoffset=\dimen126
\Gm@dimlist=\toks28
)
(/usr/local/texlive/2017/texmf-dist/tex/latex/todonotes/todonotes.sty
Package: todonotes 2015/07/09 .dtx Todonotes source and documentation.
Package: todonotes 2012/07/25

(/usr/local/texlive/2017/texmf-dist/tex/latex/base/ifthen.sty
Package: ifthen 2014/09/29 v1.1c Standard LaTeX ifthen package (DPC)
)
(/usr/local/texlive/2017/texmf-dist/tex/latex/xkeyval/xkeyval.sty
Package: xkeyval 2014/12/03 v2.7a package option processing (HA)

(/usr/local/texlive/2017/texmf-dist/tex/generic/xkeyval/xkeyval.tex
(/usr/local/texlive/2017/texmf-dist/tex/generic/xkeyval/xkvutils.tex
\XKV@toks=\toks29
\XKV@tempa@toks=\toks30
)
\XKV@depth=\count114
File: xkeyval.tex 2014/12/03 v2.7a key=value parser (HA)
))
(/usr/local/texlive/2017/texmf-dist/tex/latex/xcolor/xcolor.sty
Package: xcolor 2016/05/11 v2.12 LaTeX color extensions (UK)

(/usr/local/texlive/2017/texmf-dist/tex/latex/graphics-cfg/color.cfg
File: color.cfg 2016/01/02 v1.6 sample color configuration
)
Package xcolor Info: Driver file: pdftex.def on input line 225.
LaTeX Info: Redefining \color on input line 709.
Package xcolor Info: Model `cmy' substituted by `cmy0' on input line 1348.
Package xcolor Info: Model `hsb' substituted by `rgb' on input line 1352.
Package xcolor Info: Model `RGB' extended on input line 1364.
Package xcolor Info: Model `HTML' substituted by `rgb' on input line 1366.
Package xcolor Info: Model `Hsb' substituted by `hsb' on input line 1367.
Package xcolor Info: Model `tHsb' substituted by `hsb' on input line 1368.
Package xcolor Info: Model `HSB' substituted by `hsb' on input line 1369.
Package xcolor Info: Model `Gray' substituted by `gray' on input line 1370.
Package xcolor Info: Model `wave' substituted by `hsb' on input line 1371.
)
(/usr/local/texlive/2017/texmf-dist/tex/latex/pgf/frontendlayer/tikz.sty
(/usr/local/texlive/2017/texmf-dist/tex/latex/pgf/basiclayer/pgf.sty
(/usr/local/texlive/2017/texmf-dist/tex/latex/pgf/utilities/pgfrcs.sty
(/usr/local/texlive/2017/texmf-dist/tex/generic/pgf/utilities/pgfutil-common.te
x
\pgfutil@everybye=\toks31
\pgfutil@tempdima=\dimen127
\pgfutil@tempdimb=\dimen128

(/usr/local/texlive/2017/texmf-dist/tex/generic/pgf/utilities/pgfutil-common-li
sts.tex))
(/usr/local/texlive/2017/texmf-dist/tex/generic/pgf/utilities/pgfutil-latex.def
\pgfutil@abb=\box32
(/usr/local/texlive/2017/texmf-dist/tex/latex/ms/everyshi.sty
Package: everyshi 2001/05/15 v3.00 EveryShipout Package (MS)
))
(/usr/local/texlive/2017/texmf-dist/tex/generic/pgf/utilities/pgfrcs.code.tex
Package: pgfrcs 2015/08/07 v3.0.1a (rcs-revision 1.31)
))
Package: pgf 2015/08/07 v3.0.1a (rcs-revision 1.15)
(/usr/local/texlive/2017/texmf-dist/tex/latex/pgf/basiclayer/pgfcore.sty
(/usr/local/texlive/2017/texmf-dist/tex/latex/pgf/systemlayer/pgfsys.sty
(/usr/local/texlive/2017/texmf-dist/tex/generic/pgf/systemlayer/pgfsys.code.tex
Package: pgfsys 2014/07/09 v3.0.1a (rcs-revision 1.48)
(/usr/local/texlive/2017/texmf-dist/tex/generic/pgf/utilities/pgfkeys.code.tex
\pgfkeys@pathtoks=\toks32
\pgfkeys@temptoks=\toks33

(/usr/local/texlive/2017/texmf-dist/tex/generic/pgf/utilities/pgfkeysfiltered.c
ode.tex
\pgfkeys@tmptoks=\toks34
))
\pgf@x=\dimen129
\pgf@y=\dimen130
\pgf@xa=\dimen131
\pgf@ya=\dimen132
\pgf@xb=\dimen133
\pgf@yb=\dimen134
\pgf@xc=\dimen135
\pgf@yc=\dimen136
\w@pgf@writea=\write3
\r@pgf@reada=\read1
\c@pgf@counta=\count115
\c@pgf@countb=\count116
\c@pgf@countc=\count117
\c@pgf@countd=\count118
\t@pgf@toka=\toks35
\t@pgf@tokb=\toks36
\t@pgf@tokc=\toks37

(/usr/local/texlive/2017/texmf-dist/tex/generic/pgf/systemlayer/pgf.cfg
File: pgf.cfg 2008/05/14  (rcs-revision 1.7)
)
Driver file for pgf: pgfsys-pdftex.def

(/usr/local/texlive/2017/texmf-dist/tex/generic/pgf/systemlayer/pgfsys-pdftex.d
ef
File: pgfsys-pdftex.def 2014/10/11  (rcs-revision 1.35)

(/usr/local/texlive/2017/texmf-dist/tex/generic/pgf/systemlayer/pgfsys-common-p
df.def
File: pgfsys-common-pdf.def 2013/10/10  (rcs-revision 1.13)
)))
(/usr/local/texlive/2017/texmf-dist/tex/generic/pgf/systemlayer/pgfsyssoftpath.
code.tex
File: pgfsyssoftpath.code.tex 2013/09/09  (rcs-revision 1.9)
\pgfsyssoftpath@smallbuffer@items=\count119
\pgfsyssoftpath@bigbuffer@items=\count120
)
(/usr/local/texlive/2017/texmf-dist/tex/generic/pgf/systemlayer/pgfsysprotocol.
code.tex
File: pgfsysprotocol.code.tex 2006/10/16  (rcs-revision 1.4)
))
(/usr/local/texlive/2017/texmf-dist/tex/generic/pgf/basiclayer/pgfcore.code.tex
Package: pgfcore 2010/04/11 v3.0.1a (rcs-revision 1.7)
(/usr/local/texlive/2017/texmf-dist/tex/generic/pgf/math/pgfmath.code.tex
(/usr/local/texlive/2017/texmf-dist/tex/generic/pgf/math/pgfmathcalc.code.tex
(/usr/local/texlive/2017/texmf-dist/tex/generic/pgf/math/pgfmathutil.code.tex)
(/usr/local/texlive/2017/texmf-dist/tex/generic/pgf/math/pgfmathparser.code.tex
\pgfmath@dimen=\dimen137
\pgfmath@count=\count121
\pgfmath@box=\box33
\pgfmath@toks=\toks38
\pgfmath@stack@operand=\toks39
\pgfmath@stack@operation=\toks40
)
(/usr/local/texlive/2017/texmf-dist/tex/generic/pgf/math/pgfmathfunctions.code.
tex
(/usr/local/texlive/2017/texmf-dist/tex/generic/pgf/math/pgfmathfunctions.basic
.code.tex)
(/usr/local/texlive/2017/texmf-dist/tex/generic/pgf/math/pgfmathfunctions.trigo
nometric.code.tex)
(/usr/local/texlive/2017/texmf-dist/tex/generic/pgf/math/pgfmathfunctions.rando
m.code.tex)
(/usr/local/texlive/2017/texmf-dist/tex/generic/pgf/math/pgfmathfunctions.compa
rison.code.tex)
(/usr/local/texlive/2017/texmf-dist/tex/generic/pgf/math/pgfmathfunctions.base.
code.tex)
(/usr/local/texlive/2017/texmf-dist/tex/generic/pgf/math/pgfmathfunctions.round
.code.tex)
(/usr/local/texlive/2017/texmf-dist/tex/generic/pgf/math/pgfmathfunctions.misc.
code.tex)
(/usr/local/texlive/2017/texmf-dist/tex/generic/pgf/math/pgfmathfunctions.integ
erarithmetics.code.tex)))
(/usr/local/texlive/2017/texmf-dist/tex/generic/pgf/math/pgfmathfloat.code.tex
\c@pgfmathroundto@lastzeros=\count122
))
(/usr/local/texlive/2017/texmf-dist/tex/generic/pgf/basiclayer/pgfcorepoints.co
de.tex
File: pgfcorepoints.code.tex 2013/10/07  (rcs-revision 1.27)
\pgf@picminx=\dimen138
\pgf@picmaxx=\dimen139
\pgf@picminy=\dimen140
\pgf@picmaxy=\dimen141
\pgf@pathminx=\dimen142
\pgf@pathmaxx=\dimen143
\pgf@pathminy=\dimen144
\pgf@pathmaxy=\dimen145
\pgf@xx=\dimen146
\pgf@xy=\dimen147
\pgf@yx=\dimen148
\pgf@yy=\dimen149
\pgf@zx=\dimen150
\pgf@zy=\dimen151
)
(/usr/local/texlive/2017/texmf-dist/tex/generic/pgf/basiclayer/pgfcorepathconst
ruct.code.tex
File: pgfcorepathconstruct.code.tex 2013/10/07  (rcs-revision 1.29)
\pgf@path@lastx=\dimen152
\pgf@path@lasty=\dimen153
)
(/usr/local/texlive/2017/texmf-dist/tex/generic/pgf/basiclayer/pgfcorepathusage
.code.tex
File: pgfcorepathusage.code.tex 2014/11/02  (rcs-revision 1.24)
\pgf@shorten@end@additional=\dimen154
\pgf@shorten@start@additional=\dimen155
)
(/usr/local/texlive/2017/texmf-dist/tex/generic/pgf/basiclayer/pgfcorescopes.co
de.tex
File: pgfcorescopes.code.tex 2015/05/08  (rcs-revision 1.46)
\pgfpic=\box34
\pgf@hbox=\box35
\pgf@layerbox@main=\box36
\pgf@picture@serial@count=\count123
)
(/usr/local/texlive/2017/texmf-dist/tex/generic/pgf/basiclayer/pgfcoregraphicst
ate.code.tex
File: pgfcoregraphicstate.code.tex 2014/11/02  (rcs-revision 1.12)
\pgflinewidth=\dimen156
)
(/usr/local/texlive/2017/texmf-dist/tex/generic/pgf/basiclayer/pgfcoretransform
ations.code.tex
File: pgfcoretransformations.code.tex 2015/08/07  (rcs-revision 1.20)
\pgf@pt@x=\dimen157
\pgf@pt@y=\dimen158
\pgf@pt@temp=\dimen159
)
(/usr/local/texlive/2017/texmf-dist/tex/generic/pgf/basiclayer/pgfcorequick.cod
e.tex
File: pgfcorequick.code.tex 2008/10/09  (rcs-revision 1.3)
)
(/usr/local/texlive/2017/texmf-dist/tex/generic/pgf/basiclayer/pgfcoreobjects.c
ode.tex
File: pgfcoreobjects.code.tex 2006/10/11  (rcs-revision 1.2)
)
(/usr/local/texlive/2017/texmf-dist/tex/generic/pgf/basiclayer/pgfcorepathproce
ssing.code.tex
File: pgfcorepathprocessing.code.tex 2013/09/09  (rcs-revision 1.9)
)
(/usr/local/texlive/2017/texmf-dist/tex/generic/pgf/basiclayer/pgfcorearrows.co
de.tex
File: pgfcorearrows.code.tex 2015/05/14  (rcs-revision 1.43)
\pgfarrowsep=\dimen160
)
(/usr/local/texlive/2017/texmf-dist/tex/generic/pgf/basiclayer/pgfcoreshade.cod
e.tex
File: pgfcoreshade.code.tex 2013/07/15  (rcs-revision 1.15)
\pgf@max=\dimen161
\pgf@sys@shading@range@num=\count124
)
(/usr/local/texlive/2017/texmf-dist/tex/generic/pgf/basiclayer/pgfcoreimage.cod
e.tex
File: pgfcoreimage.code.tex 2013/07/15  (rcs-revision 1.18)

(/usr/local/texlive/2017/texmf-dist/tex/generic/pgf/basiclayer/pgfcoreexternal.
code.tex
File: pgfcoreexternal.code.tex 2014/07/09  (rcs-revision 1.21)
\pgfexternal@startupbox=\box37
))
(/usr/local/texlive/2017/texmf-dist/tex/generic/pgf/basiclayer/pgfcorelayers.co
de.tex
File: pgfcorelayers.code.tex 2013/07/18  (rcs-revision 1.7)
)
(/usr/local/texlive/2017/texmf-dist/tex/generic/pgf/basiclayer/pgfcoretranspare
ncy.code.tex
File: pgfcoretransparency.code.tex 2013/09/30  (rcs-revision 1.5)
)
(/usr/local/texlive/2017/texmf-dist/tex/generic/pgf/basiclayer/pgfcorepatterns.
code.tex
File: pgfcorepatterns.code.tex 2013/11/07  (rcs-revision 1.5)
)))
(/usr/local/texlive/2017/texmf-dist/tex/generic/pgf/modules/pgfmoduleshapes.cod
e.tex
File: pgfmoduleshapes.code.tex 2014/03/21  (rcs-revision 1.35)
\pgfnodeparttextbox=\box38
)
(/usr/local/texlive/2017/texmf-dist/tex/generic/pgf/modules/pgfmoduleplot.code.
tex
File: pgfmoduleplot.code.tex 2015/08/03  (rcs-revision 1.13)
)
(/usr/local/texlive/2017/texmf-dist/tex/latex/pgf/compatibility/pgfcomp-version
-0-65.sty
Package: pgfcomp-version-0-65 2007/07/03 v3.0.1a (rcs-revision 1.7)
\pgf@nodesepstart=\dimen162
\pgf@nodesepend=\dimen163
)
(/usr/local/texlive/2017/texmf-dist/tex/latex/pgf/compatibility/pgfcomp-version
-1-18.sty
Package: pgfcomp-version-1-18 2007/07/23 v3.0.1a (rcs-revision 1.1)
))
(/usr/local/texlive/2017/texmf-dist/tex/latex/pgf/utilities/pgffor.sty
(/usr/local/texlive/2017/texmf-dist/tex/latex/pgf/utilities/pgfkeys.sty
(/usr/local/texlive/2017/texmf-dist/tex/generic/pgf/utilities/pgfkeys.code.tex)
) (/usr/local/texlive/2017/texmf-dist/tex/latex/pgf/math/pgfmath.sty
(/usr/local/texlive/2017/texmf-dist/tex/generic/pgf/math/pgfmath.code.tex))
(/usr/local/texlive/2017/texmf-dist/tex/generic/pgf/utilities/pgffor.code.tex
Package: pgffor 2013/12/13 v3.0.1a (rcs-revision 1.25)

(/usr/local/texlive/2017/texmf-dist/tex/generic/pgf/math/pgfmath.code.tex)
\pgffor@iter=\dimen164
\pgffor@skip=\dimen165
\pgffor@stack=\toks41
\pgffor@toks=\toks42
))
(/usr/local/texlive/2017/texmf-dist/tex/generic/pgf/frontendlayer/tikz/tikz.cod
e.tex
Package: tikz 2015/08/07 v3.0.1a (rcs-revision 1.151)

(/usr/local/texlive/2017/texmf-dist/tex/generic/pgf/libraries/pgflibraryplothan
dlers.code.tex
File: pgflibraryplothandlers.code.tex 2013/08/31 v3.0.1a (rcs-revision 1.20)
\pgf@plot@mark@count=\count125
\pgfplotmarksize=\dimen166
)
\tikz@lastx=\dimen167
\tikz@lasty=\dimen168
\tikz@lastxsaved=\dimen169
\tikz@lastysaved=\dimen170
\tikzleveldistance=\dimen171
\tikzsiblingdistance=\dimen172
\tikz@figbox=\box39
\tikz@figbox@bg=\box40
\tikz@tempbox=\box41
\tikz@tempbox@bg=\box42
\tikztreelevel=\count126
\tikznumberofchildren=\count127
\tikznumberofcurrentchild=\count128
\tikz@fig@count=\count129

(/usr/local/texlive/2017/texmf-dist/tex/generic/pgf/modules/pgfmodulematrix.cod
e.tex
File: pgfmodulematrix.code.tex 2013/09/17  (rcs-revision 1.8)
\pgfmatrixcurrentrow=\count130
\pgfmatrixcurrentcolumn=\count131
\pgf@matrix@numberofcolumns=\count132
)
\tikz@expandcount=\count133

(/usr/local/texlive/2017/texmf-dist/tex/generic/pgf/frontendlayer/tikz/librarie
s/tikzlibrarytopaths.code.tex
File: tikzlibrarytopaths.code.tex 2008/06/17 v3.0.1a (rcs-revision 1.2)
)))
(/usr/local/texlive/2017/texmf-dist/tex/generic/pgf/frontendlayer/tikz/librarie
s/tikzlibrarypositioning.code.tex
File: tikzlibrarypositioning.code.tex 2008/10/06 v3.0.1a (rcs-revision 1.7)
)
(/usr/local/texlive/2017/texmf-dist/tex/latex/tools/calc.sty
Package: calc 2014/10/28 v4.3 Infix arithmetic (KKT,FJ)
\calc@Acount=\count134
\calc@Bcount=\count135
\calc@Adimen=\dimen173
\calc@Bdimen=\dimen174
\calc@Askip=\skip46
\calc@Bskip=\skip47
LaTeX Info: Redefining \setlength on input line 80.
LaTeX Info: Redefining \addtolength on input line 81.
\calc@Ccount=\count136
\calc@Cskip=\skip48
)
\c@@todonotes@numberoftodonotes=\count137
)
(/usr/local/texlive/2017/texmf-dist/tex/latex/hyperref/hyperref.sty
Package: hyperref 2017/03/14 v6.85a Hypertext links for LaTeX

(/usr/local/texlive/2017/texmf-dist/tex/generic/oberdiek/hobsub-hyperref.sty
Package: hobsub-hyperref 2016/05/16 v1.14 Bundle oberdiek, subset hyperref (HO)


(/usr/local/texlive/2017/texmf-dist/tex/generic/oberdiek/hobsub-generic.sty
Package: hobsub-generic 2016/05/16 v1.14 Bundle oberdiek, subset generic (HO)
Package: hobsub 2016/05/16 v1.14 Construct package bundles (HO)
Package hobsub Info: Skipping package `infwarerr' (already loaded).
Package hobsub Info: Skipping package `ltxcmds' (already loaded).
Package: ifluatex 2016/05/16 v1.4 Provides the ifluatex switch (HO)
Package ifluatex Info: LuaTeX not detected.
Package hobsub Info: Skipping package `ifvtex' (already loaded).
Package: intcalc 2016/05/16 v1.2 Expandable calculations with integers (HO)
Package hobsub Info: Skipping package `ifpdf' (already loaded).
Package: etexcmds 2016/05/16 v1.6 Avoid name clashes with e-TeX commands (HO)
Package etexcmds Info: Could not find \expanded.
(etexcmds)             That can mean that you are not using pdfTeX 1.50 or
(etexcmds)             that some package has redefined \expanded.
(etexcmds)             In the latter case, load this package earlier.
Package: kvsetkeys 2016/05/16 v1.17 Key value parser (HO)
Package: kvdefinekeys 2016/05/16 v1.4 Define keys (HO)
Package: pdftexcmds 2017/03/19 v0.25 Utility functions of pdfTeX for LuaTeX (HO
)
Package pdftexcmds Info: LuaTeX not detected.
Package pdftexcmds Info: \pdf@primitive is available.
Package pdftexcmds Info: \pdf@ifprimitive is available.
Package pdftexcmds Info: \pdfdraftmode found.
Package: pdfescape 2016/05/16 v1.14 Implements pdfTeX's escape features (HO)
Package: bigintcalc 2016/05/16 v1.4 Expandable calculations on big integers (HO
)
Package: bitset 2016/05/16 v1.2 Handle bit-vector datatype (HO)
Package: uniquecounter 2016/05/16 v1.3 Provide unlimited unique counter (HO)
)
Package hobsub Info: Skipping package `hobsub' (already loaded).
Package: letltxmacro 2016/05/16 v1.5 Let assignment for LaTeX macros (HO)
Package: hopatch 2016/05/16 v1.3 Wrapper for package hooks (HO)
Package: xcolor-patch 2016/05/16 xcolor patch
Package: atveryend 2016/05/16 v1.9 Hooks at the very end of document (HO)
Package atveryend Info: \enddocument detected (standard20110627).
Package: atbegshi 2016/06/09 v1.18 At begin shipout hook (HO)
Package: refcount 2016/05/16 v3.5 Data extraction from label references (HO)
Package: hycolor 2016/05/16 v1.8 Color options for hyperref/bookmark (HO)
)
(/usr/local/texlive/2017/texmf-dist/tex/latex/oberdiek/auxhook.sty
Package: auxhook 2016/05/16 v1.4 Hooks for auxiliary files (HO)
)
(/usr/local/texlive/2017/texmf-dist/tex/latex/oberdiek/kvoptions.sty
Package: kvoptions 2016/05/16 v3.12 Key value format for package options (HO)
)
\@linkdim=\dimen175
\Hy@linkcounter=\count138
\Hy@pagecounter=\count139

(/usr/local/texlive/2017/texmf-dist/tex/latex/hyperref/pd1enc.def
File: pd1enc.def 2017/03/14 v6.85a Hyperref: PDFDocEncoding definition (HO)
)
\Hy@SavedSpaceFactor=\count140

(/usr/local/texlive/2017/texmf-dist/tex/latex/latexconfig/hyperref.cfg
File: hyperref.cfg 2002/06/06 v1.2 hyperref configuration of TeXLive
)
Package hyperref Info: Option `colorlinks' set `true' on input line 4374.
Package hyperref Info: Hyper figures OFF on input line 4498.
Package hyperref Info: Link nesting OFF on input line 4503.
Package hyperref Info: Hyper index ON on input line 4506.
Package hyperref Info: Plain pages OFF on input line 4513.
Package hyperref Info: Backreferencing OFF on input line 4518.
Package hyperref Info: Implicit mode ON; LaTeX internals redefined.
Package hyperref Info: Bookmarks ON on input line 4751.
\c@Hy@tempcnt=\count141

(/usr/local/texlive/2017/texmf-dist/tex/latex/url/url.sty
\Urlmuskip=\muskip11
Package: url 2013/09/16  ver 3.4  Verb mode for urls, etc.
)
LaTeX Info: Redefining \url on input line 5104.
\XeTeXLinkMargin=\dimen176
\Fld@menulength=\count142
\Field@Width=\dimen177
\Fld@charsize=\dimen178
Package hyperref Info: Hyper figures OFF on input line 6358.
Package hyperref Info: Link nesting OFF on input line 6363.
Package hyperref Info: Hyper index ON on input line 6366.
Package hyperref Info: backreferencing OFF on input line 6373.
Package hyperref Info: Link coloring ON on input line 6376.
Package hyperref Info: Link coloring with OCG OFF on input line 6383.
Package hyperref Info: PDF/A mode OFF on input line 6388.
LaTeX Info: Redefining \ref on input line 6428.
LaTeX Info: Redefining \pageref on input line 6432.
\Hy@abspage=\count143
\c@Item=\count144
\c@Hfootnote=\count145
)

Package hyperref Message: Driver (autodetected): hpdftex.

(/usr/local/texlive/2017/texmf-dist/tex/latex/hyperref/hpdftex.def
File: hpdftex.def 2017/03/14 v6.85a Hyperref driver for pdfTeX
\Fld@listcount=\count146
\c@bookmark@seq@number=\count147

(/usr/local/texlive/2017/texmf-dist/tex/latex/oberdiek/rerunfilecheck.sty
Package: rerunfilecheck 2016/05/16 v1.8 Rerun checks for auxiliary files (HO)
Package uniquecounter Info: New unique counter `rerunfilecheck' on input line 2
82.
)
\Hy@SectionHShift=\skip49
)
(/usr/local/texlive/2017/texmf-dist/tex/latex/amsfonts/amssymb.sty
Package: amssymb 2013/01/14 v3.01 AMS font symbols

(/usr/local/texlive/2017/texmf-dist/tex/latex/amsfonts/amsfonts.sty
Package: amsfonts 2013/01/14 v3.01 Basic AMSFonts support
\symAMSa=\mathgroup4
\symAMSb=\mathgroup5
LaTeX Font Info:    Overwriting math alphabet `\mathfrak' in version `bold'
(Font)                  U/euf/m/n --> U/euf/b/n on input line 106.
))
(/usr/local/texlive/2017/texmf-dist/tex/latex/subfig/subfig.sty
Package: subfig 2005/06/28 ver: 1.3 subfig package

(/usr/local/texlive/2017/texmf-dist/tex/latex/caption/caption.sty
Package: caption 2016/02/21 v3.3-144 Customizing captions (AR)

(/usr/local/texlive/2017/texmf-dist/tex/latex/caption/caption3.sty
Package: caption3 2016/05/22 v1.7-166 caption3 kernel (AR)
Package caption3 Info: TeX engine: e-TeX on input line 67.
\captionmargin=\dimen179
\captionmargin@=\dimen180
\captionwidth=\dimen181
\caption@tempdima=\dimen182
\caption@indent=\dimen183
\caption@parindent=\dimen184
\caption@hangindent=\dimen185
)
\c@ContinuedFloat=\count148
Package caption Info: float package is loaded.
Package caption Info: hyperref package is loaded.
Package caption Info: listings package is loaded.
)
\c@KVtest=\count149
\sf@farskip=\skip50
\sf@captopadj=\dimen186
\sf@capskip=\skip51
\sf@nearskip=\skip52
\c@subfigure=\count150
\c@subfigure@save=\count151
\c@lofdepth=\count152
\c@subtable=\count153
\c@subtable@save=\count154
\c@lotdepth=\count155
\sf@top=\skip53
\sf@bottom=\skip54
)
(/usr/local/texlive/2017/texmf-dist/tex/latex/algorithm2e/algorithm2e.sty
Package: algorithm2e 2013/01/06 v5.00 algorithms environments
\c@AlgoLine=\count156
\algocf@hangindent=\skip55

(/usr/local/texlive/2017/texmf-dist/tex/latex/tools/xspace.sty
Package: xspace 2014/10/28 v1.13 Space after command names (DPC,MH)
)
(/usr/local/texlive/2017/texmf-dist/tex/latex/relsize/relsize.sty
Package: relsize 2013/03/29 ver 4.1
)
********************************************************
Package `algorithm2e' Release 5.1 -- october 19 2015 --
- algorithm2e-announce@lirmm.fr mailing list for announcement about releases
- algorithm2e-discussion@lirmm.fr mailing list for discussion about package
subscribe by emailing sympa@lirmm.fr with 'subscribe <list> <firstname name>'
- Author: Christophe Fiorio (christophe.fiorio@umontpellier.fr)
********************************************************
\skiptotal=\skip56
\skiplinenumber=\skip57
\skiprule=\skip58
\skiphlne=\skip59
\skiptext=\skip60
\skiplength=\skip61
\algomargin=\skip62
\skipalgocfslide=\skip63
\algowidth=\dimen187
\inoutsize=\dimen188
\inoutindent=\dimen189
\interspacetitleruled=\dimen190
\interspacealgoruled=\dimen191
\interspacetitleboxruled=\dimen192
\algocf@ruledwidth=\skip64
\algocf@inoutbox=\box43
\algocf@inputbox=\box44
\AlCapSkip=\skip65
\AlCapHSkip=\skip66
\algoskipindent=\skip67
\algocf@nlbox=\box45
\algocf@hangingbox=\box46
\algocf@untilbox=\box47
\algocf@skipuntil=\skip68
\algocf@capbox=\box48
\algoheightruledefault=\skip69
\algoheightrule=\skip70
\algotitleheightruledefault=\skip71
\algotitleheightrule=\skip72
\c@algocfline=\count157
\c@algocfproc=\count158
\c@algocf=\count159
\algocf@algoframe=\box49
\algocf@algobox=\box50
) (./ml_mcmc_1d.aux)
\openout1 = `ml_mcmc_1d.aux'.

LaTeX Font Info:    Checking defaults for OML/cmm/m/it on input line 34.
LaTeX Font Info:    ... okay on input line 34.
LaTeX Font Info:    Checking defaults for T1/cmr/m/n on input line 34.
LaTeX Font Info:    ... okay on input line 34.
LaTeX Font Info:    Checking defaults for OT1/cmr/m/n on input line 34.
LaTeX Font Info:    ... okay on input line 34.
LaTeX Font Info:    Checking defaults for OMS/cmsy/m/n on input line 34.
LaTeX Font Info:    ... okay on input line 34.
LaTeX Font Info:    Checking defaults for OMX/cmex/m/n on input line 34.
LaTeX Font Info:    ... okay on input line 34.
LaTeX Font Info:    Checking defaults for U/cmr/m/n on input line 34.
LaTeX Font Info:    ... okay on input line 34.
LaTeX Font Info:    Checking defaults for PD1/pdf/m/n on input line 34.
LaTeX Font Info:    ... okay on input line 34.
\c@lstlisting=\count160

(/usr/local/texlive/2017/texmf-dist/tex/context/base/mkii/supp-pdf.mkii
[Loading MPS to PDF converter (version 2006.09.02).]
\scratchcounter=\count161
\scratchdimen=\dimen193
\scratchbox=\box51
\nofMPsegments=\count162
\nofMParguments=\count163
\everyMPshowfont=\toks43
\MPscratchCnt=\count164
\MPscratchDim=\dimen194
\MPnumerator=\count165
\makeMPintoPDFobject=\count166
\everyMPtoPDFconversion=\toks44
) (/usr/local/texlive/2017/texmf-dist/tex/latex/oberdiek/epstopdf-base.sty
Package: epstopdf-base 2016/05/15 v2.6 Base part for package epstopdf

(/usr/local/texlive/2017/texmf-dist/tex/latex/oberdiek/grfext.sty
Package: grfext 2016/05/16 v1.2 Manage graphics extensions (HO)
)
Package epstopdf-base Info: Redefining graphics rule for `.eps' on input line 4
38.
Package grfext Info: Graphics extension search list:
(grfext)             [.png,.pdf,.jpg,.mps,.jpeg,.jbig2,.jb2,.PNG,.PDF,.JPG,.JPE
G,.JBIG2,.JB2,.eps]
(grfext)             \AppendGraphicsExtensions on input line 456.

(/usr/local/texlive/2017/texmf-dist/tex/latex/latexconfig/epstopdf-sys.cfg
File: epstopdf-sys.cfg 2010/07/13 v1.3 Configuration of (r)epstopdf for TeX Liv
e
))
(/usr/local/texlive/2017/texmf-dist/tex/latex/ucs/ucsencs.def
File: ucsencs.def 2011/01/21 Fixes to fontencodings LGR, T3
)
*geometry* driver: auto-detecting
*geometry* detected driver: pdftex
*geometry* verbose mode - [ preamble ] result:
* driver: pdftex
* paper: a4paper
* layout: <same size as paper>
* layoutoffset:(h,v)=(0.0pt,0.0pt)
* modes: 
* h-part:(L,W,R)=(85.35826pt, 426.79135pt, 85.35826pt)
* v-part:(T,H,B)=(85.35826pt, 702.78308pt, 56.9055pt)
* \paperwidth=597.50787pt
* \paperheight=845.04684pt
* \textwidth=426.79135pt
* \textheight=702.78308pt
* \oddsidemargin=13.08827pt
* \evensidemargin=13.08827pt
* \topmargin=-23.91173pt
* \headheight=12.0pt
* \headsep=25.0pt
* \topskip=10.0pt
* \footskip=30.0pt
* \marginparwidth=49.79231pt
* \marginparsep=11.0pt
* \columnsep=10.0pt
* \skip\footins=9.0pt plus 4.0pt minus 2.0pt
* \hoffset=0.0pt
* \voffset=0.0pt
* \mag=1000
* \@twocolumnfalse
* \@twosidefalse
* \@mparswitchfalse
* \@reversemarginfalse
* (1in=72.27pt=25.4mm, 1cm=28.453pt)

ABD: EveryShipout initializing macros
\AtBeginShipoutBox=\box52
Package hyperref Info: Link coloring ON on input line 34.

(/usr/local/texlive/2017/texmf-dist/tex/latex/hyperref/nameref.sty
Package: nameref 2016/05/21 v2.44 Cross-referencing by name of section

(/usr/local/texlive/2017/texmf-dist/tex/generic/oberdiek/gettitlestring.sty
Package: gettitlestring 2016/05/16 v1.5 Cleanup title references (HO)
)
\c@section@level=\count167
)
LaTeX Info: Redefining \ref on input line 34.
LaTeX Info: Redefining \pageref on input line 34.
LaTeX Info: Redefining \nameref on input line 34.

(./ml_mcmc_1d.out) (./ml_mcmc_1d.out)
\@outlinefile=\write4
\openout4 = `ml_mcmc_1d.out'.

Package caption Info: Begin \AtBeginDocument code.
Package caption Info: subfig package v1.3 is loaded.
Package caption Info: End \AtBeginDocument code.
LaTeX Font Info:    Try loading font information for U+msa on input line 36.

(/usr/local/texlive/2017/texmf-dist/tex/latex/amsfonts/umsa.fd
File: umsa.fd 2013/01/14 v3.01 AMS symbols A
)
LaTeX Font Info:    Try loading font information for U+msb on input line 36.

(/usr/local/texlive/2017/texmf-dist/tex/latex/amsfonts/umsb.fd
File: umsb.fd 2013/01/14 v3.01 AMS symbols B
)
Underfull \hbox (badness 10000) in paragraph at lines 52--55

 []

Package epstopdf Info: Source file: <figs/Kody_standard_u1_is_n(00_1).eps>
(epstopdf)                    date: 2018-04-16 17:42:53
(epstopdf)                    size: 144383 bytes
(epstopdf)             Output file: <figs/Kody_standard_u1_is_n(00_1)-eps-conve
rted-to.pdf>
(epstopdf)                    date: 2018-04-16 17:56:10
(epstopdf)                    size: 142104 bytes
(epstopdf)             Command: <repstopdf --outfile=figs/Kody_standard_u1_is_n
(00_1)-eps-converted-to.pdf figs/Kody_standard_u1_is_n(00_1).eps>
(epstopdf)             \includegraphics on input line 61.
Package epstopdf Info: Output file is already uptodate.

<figs/Kody_standard_u1_is_n(00_1)-eps-converted-to.pdf, id=57, 1188.44pt x 341.
275pt>
File: figs/Kody_standard_u1_is_n(00_1)-eps-converted-to.pdf Graphic file (type 
pdf)
 <use figs/Kody_standard_u1_is_n(00_1)-eps-converted-to.pdf>
Package pdftex.def Info: figs/Kody_standard_u1_is_n(00_1)-eps-converted-to.pdf 
used on input line 61.
(pdftex.def)             Requested size: 426.79135pt x 122.55687pt.
Package epstopdf Info: Source file: <figs/Kody_standard_u1_is_n(01).eps>
(epstopdf)                    date: 2018-04-16 17:42:44
(epstopdf)                    size: 192534 bytes
(epstopdf)             Output file: <figs/Kody_standard_u1_is_n(01)-eps-convert
ed-to.pdf>
(epstopdf)                    date: 2018-04-16 17:56:11
(epstopdf)                    size: 227720 bytes
(epstopdf)             Command: <repstopdf --outfile=figs/Kody_standard_u1_is_n
(01)-eps-converted-to.pdf figs/Kody_standard_u1_is_n(01).eps>
(epstopdf)             \includegraphics on input line 62.
Package epstopdf Info: Output file is already uptodate.

<figs/Kody_standard_u1_is_n(01)-eps-converted-to.pdf, id=58, 1188.44pt x 341.27
5pt>
File: figs/Kody_standard_u1_is_n(01)-eps-converted-to.pdf Graphic file (type pd
f)
 <use figs/Kody_standard_u1_is_n(01)-eps-converted-to.pdf>
Package pdftex.def Info: figs/Kody_standard_u1_is_n(01)-eps-converted-to.pdf us
ed on input line 62.
(pdftex.def)             Requested size: 426.79135pt x 122.55687pt.
Package epstopdf Info: Source file: <figs/Kody_standard_u1_is_n(02).eps>
(epstopdf)                    date: 2018-04-16 17:42:35
(epstopdf)                    size: 217081 bytes
(epstopdf)             Output file: <figs/Kody_standard_u1_is_n(02)-eps-convert
ed-to.pdf>
(epstopdf)                    date: 2018-04-16 17:56:12
(epstopdf)                    size: 317262 bytes
(epstopdf)             Command: <repstopdf --outfile=figs/Kody_standard_u1_is_n
(02)-eps-converted-to.pdf figs/Kody_standard_u1_is_n(02).eps>
(epstopdf)             \includegraphics on input line 63.
Package epstopdf Info: Output file is already uptodate.

<figs/Kody_standard_u1_is_n(02)-eps-converted-to.pdf, id=59, 1188.44pt x 341.27
5pt>
File: figs/Kody_standard_u1_is_n(02)-eps-converted-to.pdf Graphic file (type pd
f)
 <use figs/Kody_standard_u1_is_n(02)-eps-converted-to.pdf>
Package pdftex.def Info: figs/Kody_standard_u1_is_n(02)-eps-converted-to.pdf us
ed on input line 63.
(pdftex.def)             Requested size: 426.79135pt x 122.55687pt.
Package epstopdf Info: Source file: <figs/Kody_standard_u1_is_n(010).eps>
(epstopdf)                    date: 2018-04-16 17:42:23
(epstopdf)                    size: 2928641 bytes
(epstopdf)             Output file: <figs/Kody_standard_u1_is_n(010)-eps-conver
ted-to.pdf>
(epstopdf)                    date: 2018-04-16 17:56:14
(epstopdf)                    size: 2243423 bytes
(epstopdf)             Command: <repstopdf --outfile=figs/Kody_standard_u1_is_n
(010)-eps-converted-to.pdf figs/Kody_standard_u1_is_n(010).eps>
(epstopdf)             \includegraphics on input line 64.
Package epstopdf Info: Output file is already uptodate.

<figs/Kody_standard_u1_is_n(010)-eps-converted-to.pdf, id=60, 1188.44pt x 341.2
75pt>
File: figs/Kody_standard_u1_is_n(010)-eps-converted-to.pdf Graphic file (type p
df)
 <use figs/Kody_standard_u1_is_n(010)-eps-converted-to.pdf>
Package pdftex.def Info: figs/Kody_standard_u1_is_n(010)-eps-converted-to.pdf u
sed on input line 64.
(pdftex.def)             Requested size: 426.79135pt x 122.55687pt.
 [1

{/usr/local/texlive/2017/texmf-var/fonts/map/pdftex/updmap/pdftex.map}]
Package epstopdf Info: Source file: <figs/Kody_my_trick_u1_is_n(001).eps>
(epstopdf)                    date: 2018-04-16 17:43:03
(epstopdf)                    size: 134645 bytes
(epstopdf)             Output file: <figs/Kody_my_trick_u1_is_n(001)-eps-conver
ted-to.pdf>
(epstopdf)                    date: 2018-04-16 17:53:05
(epstopdf)                    size: 128331 bytes
(epstopdf)             Command: <repstopdf --outfile=figs/Kody_my_trick_u1_is_n
(001)-eps-converted-to.pdf figs/Kody_my_trick_u1_is_n(001).eps>
(epstopdf)             \includegraphics on input line 77.
Package epstopdf Info: Output file is already uptodate.

<figs/Kody_my_trick_u1_is_n(001)-eps-converted-to.pdf, id=81, 1188.44pt x 341.2
75pt>
File: figs/Kody_my_trick_u1_is_n(001)-eps-converted-to.pdf Graphic file (type p
df)
 <use figs/Kody_my_trick_u1_is_n(001)-eps-converted-to.pdf>
Package pdftex.def Info: figs/Kody_my_trick_u1_is_n(001)-eps-converted-to.pdf u
sed on input line 77.
(pdftex.def)             Requested size: 426.79135pt x 122.55687pt.
Package epstopdf Info: Source file: <figs/Kody_my_trick_u1_is_n(01).eps>
(epstopdf)                    date: 2018-04-16 17:43:32
(epstopdf)                    size: 184544 bytes
(epstopdf)             Output file: <figs/Kody_my_trick_u1_is_n(01)-eps-convert
ed-to.pdf>
(epstopdf)                    date: 2018-04-16 17:49:59
(epstopdf)                    size: 181958 bytes
(epstopdf)             Command: <repstopdf --outfile=figs/Kody_my_trick_u1_is_n
(01)-eps-converted-to.pdf figs/Kody_my_trick_u1_is_n(01).eps>
(epstopdf)             \includegraphics on input line 78.
Package epstopdf Info: Output file is already uptodate.

<figs/Kody_my_trick_u1_is_n(01)-eps-converted-to.pdf, id=82, 1188.44pt x 341.27
5pt>
File: figs/Kody_my_trick_u1_is_n(01)-eps-converted-to.pdf Graphic file (type pd
f)
 <use figs/Kody_my_trick_u1_is_n(01)-eps-converted-to.pdf>
Package pdftex.def Info: figs/Kody_my_trick_u1_is_n(01)-eps-converted-to.pdf us
ed on input line 78.
(pdftex.def)             Requested size: 426.79135pt x 122.55687pt.
Package epstopdf Info: Source file: <figs/Kody_my_trick_u1_is_n(02).eps>
(epstopdf)                    date: 2018-04-16 17:43:23
(epstopdf)                    size: 207093 bytes
(epstopdf)             Output file: <figs/Kody_my_trick_u1_is_n(02)-eps-convert
ed-to.pdf>
(epstopdf)                    date: 2018-04-16 17:49:59
(epstopdf)                    size: 206441 bytes
(epstopdf)             Command: <repstopdf --outfile=figs/Kody_my_trick_u1_is_n
(02)-eps-converted-to.pdf figs/Kody_my_trick_u1_is_n(02).eps>
(epstopdf)             \includegraphics on input line 79.
Package epstopdf Info: Output file is already uptodate.

<figs/Kody_my_trick_u1_is_n(02)-eps-converted-to.pdf, id=83, 1188.44pt x 341.27
5pt>
File: figs/Kody_my_trick_u1_is_n(02)-eps-converted-to.pdf Graphic file (type pd
f)
 <use figs/Kody_my_trick_u1_is_n(02)-eps-converted-to.pdf>
Package pdftex.def Info: figs/Kody_my_trick_u1_is_n(02)-eps-converted-to.pdf us
ed on input line 79.
(pdftex.def)             Requested size: 426.79135pt x 122.55687pt.
Package epstopdf Info: Source file: <figs/Kody_my_trick_u1_is_n(010).eps>
(epstopdf)                    date: 2018-04-16 17:43:14
(epstopdf)                    size: 2676594 bytes
(epstopdf)             Output file: <figs/Kody_my_trick_u1_is_n(010)-eps-conver
ted-to.pdf>
(epstopdf)                    date: 2018-04-16 17:53:07
(epstopdf)                    size: 2091738 bytes
(epstopdf)             Command: <repstopdf --outfile=figs/Kody_my_trick_u1_is_n
(010)-eps-converted-to.pdf figs/Kody_my_trick_u1_is_n(010).eps>
(epstopdf)             \includegraphics on input line 80.
Package epstopdf Info: Output file is already uptodate.

<figs/Kody_my_trick_u1_is_n(010)-eps-converted-to.pdf, id=84, 1188.44pt x 341.2
75pt>
File: figs/Kody_my_trick_u1_is_n(010)-eps-converted-to.pdf Graphic file (type p
df)
 <use figs/Kody_my_trick_u1_is_n(010)-eps-converted-to.pdf>
Package pdftex.def Info: figs/Kody_my_trick_u1_is_n(010)-eps-converted-to.pdf u
sed on input line 80.
(pdftex.def)             Requested size: 426.79135pt x 122.55687pt.
 [2 <./figs/Kody_standard_u1_is_n(00_1)-eps-converted-to.pdf> <./figs/Kody_stan
dard_u1_is_n(01)-eps-converted-to.pdf> <./figs/Kody_standard_u1_is_n(02)-eps-co
nverted-to.pdf> <./figs/Kody_standard_u1_is_n(010)-eps-converted-to.pdf>]
Package epstopdf Info: Source file: <figs/var_kod.eps>
(epstopdf)                    date: 2018-04-18 00:59:22
(epstopdf)                    size: 31952 bytes
(epstopdf)             Output file: <figs/var_kod-eps-converted-to.pdf>
(epstopdf)                    date: 2018-04-18 01:08:28
(epstopdf)                    size: 8858 bytes
(epstopdf)             Command: <repstopdf --outfile=figs/var_kod-eps-converted
-to.pdf figs/var_kod.eps>
(epstopdf)             \includegraphics on input line 90.
Package epstopdf Info: Output file is already uptodate.

<figs/var_kod-eps-converted-to.pdf, id=127, 562.1pt x 421.575pt>
File: figs/var_kod-eps-converted-to.pdf Graphic file (type pdf)

<use figs/var_kod-eps-converted-to.pdf>
Package pdftex.def Info: figs/var_kod-eps-converted-to.pdf used on input line 9
0.
(pdftex.def)             Requested size: 426.79135pt x 320.09155pt.
Package epstopdf Info: Source file: <figs/ar_kody.eps>
(epstopdf)                    date: 2018-04-18 01:00:26
(epstopdf)                    size: 21176 bytes
(epstopdf)             Output file: <figs/ar_kody-eps-converted-to.pdf>
(epstopdf)                    date: 2018-04-18 01:08:26
(epstopdf)                    size: 7958 bytes
(epstopdf)             Command: <repstopdf --outfile=figs/ar_kody-eps-converted
-to.pdf figs/ar_kody.eps>
(epstopdf)             \includegraphics on input line 96.
Package epstopdf Info: Output file is already uptodate.

<figs/ar_kody-eps-converted-to.pdf, id=128, 562.1pt x 421.575pt>
File: figs/ar_kody-eps-converted-to.pdf Graphic file (type pdf)

<use figs/ar_kody-eps-converted-to.pdf>
Package pdftex.def Info: figs/ar_kody-eps-converted-to.pdf used on input line 9
6.
(pdftex.def)             Requested size: 426.79135pt x 320.09155pt.
 [3 <./figs/Kody_my_trick_u1_is_n(001)-eps-converted-to.pdf> <./figs/Kody_my_tr
ick_u1_is_n(01)-eps-converted-to.pdf> <./figs/Kody_my_trick_u1_is_n(02)-eps-con
verted-to.pdf> <./figs/Kody_my_trick_u1_is_n(010)-eps-converted-to.pdf>]
Package epstopdf Info: Source file: <figs/traces.eps>
(epstopdf)                    date: 2018-04-18 01:00:17
(epstopdf)                    size: 273160 bytes
(epstopdf)             Output file: <figs/traces-eps-converted-to.pdf>
(epstopdf)                    date: 2018-04-18 01:08:26
(epstopdf)                    size: 83943 bytes
(epstopdf)             Command: <repstopdf --outfile=figs/traces-eps-converted-
to.pdf figs/traces.eps>
(epstopdf)             \includegraphics on input line 102.
Package epstopdf Info: Output file is already uptodate.

<figs/traces-eps-converted-to.pdf, id=171, 562.1pt x 421.575pt>
File: figs/traces-eps-converted-to.pdf Graphic file (type pdf)

<use figs/traces-eps-converted-to.pdf>
Package pdftex.def Info: figs/traces-eps-converted-to.pdf used on input line 10
2.
(pdftex.def)             Requested size: 426.79135pt x 320.09155pt.
 [4 <./figs/var_kod-eps-converted-to.pdf>]
Package epstopdf Info: Source file: <figs/div.eps>
(epstopdf)                    date: 2018-04-18 01:00:07
(epstopdf)                    size: 18942 bytes
(epstopdf)             Output file: <figs/div-eps-converted-to.pdf>
(epstopdf)                    date: 2018-04-18 01:08:27
(epstopdf)                    size: 6628 bytes
(epstopdf)             Command: <repstopdf --outfile=figs/div-eps-converted-to.
pdf figs/div.eps>
(epstopdf)             \includegraphics on input line 108.
Package epstopdf Info: Output file is already uptodate.
 <figs/div-eps-converted-to.pdf, id=185, 562.1pt x 421.575pt>
File: figs/div-eps-converted-to.pdf Graphic file (type pdf)

<use figs/div-eps-converted-to.pdf>
Package pdftex.def Info: figs/div-eps-converted-to.pdf used on input line 108.
(pdftex.def)             Requested size: 426.79135pt x 320.09155pt.
 [5 <./figs/ar_kody-eps-converted-to.pdf>]
Package epstopdf Info: Source file: <figs/ml_mean.eps>
(epstopdf)                    date: 2018-04-18 00:59:42
(epstopdf)                    size: 16043 bytes
(epstopdf)             Output file: <figs/ml_mean-eps-converted-to.pdf>
(epstopdf)                    date: 2018-04-18 01:08:27
(epstopdf)                    size: 6322 bytes
(epstopdf)             Command: <repstopdf --outfile=figs/ml_mean-eps-converted
-to.pdf figs/ml_mean.eps>
(epstopdf)             \includegraphics on input line 114.
Package epstopdf Info: Output file is already uptodate.

<figs/ml_mean-eps-converted-to.pdf, id=199, 562.1pt x 421.575pt>
File: figs/ml_mean-eps-converted-to.pdf Graphic file (type pdf)

<use figs/ml_mean-eps-converted-to.pdf>
Package pdftex.def Info: figs/ml_mean-eps-converted-to.pdf used on input line 1
14.
(pdftex.def)             Requested size: 426.79135pt x 320.09155pt.
 [6 <./figs/traces-eps-converted-to.pdf>]
Package epstopdf Info: Source file: <figs/ess_level.eps>
(epstopdf)                    date: 2018-04-18 00:59:31
(epstopdf)                    size: 16043 bytes
(epstopdf)             Output file: <figs/ess_level-eps-converted-to.pdf>
(epstopdf)                    date: 2018-04-18 01:08:28
(epstopdf)                    size: 6304 bytes
(epstopdf)             Command: <repstopdf --outfile=figs/ess_level-eps-convert
ed-to.pdf figs/ess_level.eps>
(epstopdf)             \includegraphics on input line 120.
Package epstopdf Info: Output file is already uptodate.
 <figs/ess_level-eps-converted-to.pdf, id=214, 562.1pt x 421.575pt>
File: figs/ess_level-eps-converted-to.pdf Graphic file (type pdf)

<use figs/ess_level-eps-converted-to.pdf>
Package pdftex.def Info: figs/ess_level-eps-converted-to.pdf used on input line
 120.
(pdftex.def)             Requested size: 426.79135pt x 320.09155pt.
 [7 <./figs/div-eps-converted-to.pdf>]
Package epstopdf Info: Source file: <figs/acf_kody.eps>
(epstopdf)                    date: 2018-04-18 01:00:35
(epstopdf)                    size: 189968 bytes
(epstopdf)             Output file: <figs/acf_kody-eps-converted-to.pdf>
(epstopdf)                    date: 2018-04-18 01:21:33
(epstopdf)                    size: 37534 bytes
(epstopdf)             Command: <repstopdf --outfile=figs/acf_kody-eps-converte
d-to.pdf figs/acf_kody.eps>
(epstopdf)             \includegraphics on input line 126.
Package epstopdf Info: Output file is already uptodate.
<figs/acf_kody-eps-converted-to.pdf, id=229, 794.97pt x 609.27625pt>
File: figs/acf_kody-eps-converted-to.pdf Graphic file (type pdf)

<use figs/acf_kody-eps-converted-to.pdf>
Package pdftex.def Info: figs/acf_kody-eps-converted-to.pdf used on input line 
126.
(pdftex.def)             Requested size: 426.79135pt x 327.10773pt.
 [8 <./figs/ml_mean-eps-converted-to.pdf>]
Package epstopdf Info: Source file: <figs/var_juan.eps>
(epstopdf)                    date: 2018-04-18 01:03:50
(epstopdf)                    size: 29878 bytes
(epstopdf)             Output file: <figs/var_juan-eps-converted-to.pdf>
(epstopdf)                    date: 2018-04-18 01:17:22
(epstopdf)                    size: 8708 bytes
(epstopdf)             Command: <repstopdf --outfile=figs/var_juan-eps-converte
d-to.pdf figs/var_juan.eps>
(epstopdf)             \includegraphics on input line 138.
Package epstopdf Info: Output file is already uptodate.
 <figs/var_juan-eps-converted-to.pdf, id=243, 562.1pt x 421.575pt>
File: figs/var_juan-eps-converted-to.pdf Graphic file (type pdf)

<use figs/var_juan-eps-converted-to.pdf>
Package pdftex.def Info: figs/var_juan-eps-converted-to.pdf used on input line 
138.
(pdftex.def)             Requested size: 426.79135pt x 320.09155pt.
Package epstopdf Info: Source file: <figs/ess_juan.eps>
(epstopdf)                    date: 2018-04-18 01:04:02
(epstopdf)                    size: 190726 bytes
(epstopdf)             Output file: <figs/ess_juan-eps-converted-to.pdf>
(epstopdf)                    date: 2018-04-18 01:17:23
(epstopdf)                    size: 37633 bytes
(epstopdf)             Command: <repstopdf --outfile=figs/ess_juan-eps-converte
d-to.pdf figs/ess_juan.eps>
(epstopdf)             \includegraphics on input line 144.
Package epstopdf Info: Output file is already uptodate.

<figs/ess_juan-eps-converted-to.pdf, id=244, 562.1pt x 421.575pt>
File: figs/ess_juan-eps-converted-to.pdf Graphic file (type pdf)

<use figs/ess_juan-eps-converted-to.pdf>
Package pdftex.def Info: figs/ess_juan-eps-converted-to.pdf used on input line 
144.
(pdftex.def)             Requested size: 426.79135pt x 320.09155pt.
 [9 <./figs/ess_level-eps-converted-to.pdf>]
Overfull \vbox (4.4162pt too high) has occurred while \output is active []


[10 <./figs/acf_kody-eps-converted-to.pdf> <./figs/var_juan-eps-converted-to.pd
f>]
Package epstopdf Info: Source file: <figs/ess_level_juan.eps>
(epstopdf)                    date: 2018-04-18 01:05:00
(epstopdf)                    size: 16045 bytes
(epstopdf)             Output file: <figs/ess_level_juan-eps-converted-to.pdf>
(epstopdf)                    date: 2018-04-18 01:17:23
(epstopdf)                    size: 6310 bytes
(epstopdf)             Command: <repstopdf --outfile=figs/ess_level_juan-eps-co
nverted-to.pdf figs/ess_level_juan.eps>
(epstopdf)             \includegraphics on input line 150.
Package epstopdf Info: Output file is already uptodate.
 <figs/ess_level_juan-eps-converted-to.pdf, id=280, 562.1pt x 421.575pt>
File: figs/ess_level_juan-eps-converted-to.pdf Graphic file (type pdf)

<use figs/ess_level_juan-eps-converted-to.pdf>
Package pdftex.def Info: figs/ess_level_juan-eps-converted-to.pdf used on input
 line 150.
(pdftex.def)             Requested size: 426.79135pt x 320.09155pt.
Package epstopdf Info: Source file: <figs/ml_mean_juan.eps>
(epstopdf)                    date: 2018-04-18 01:04:46
(epstopdf)                    size: 17020 bytes
(epstopdf)             Output file: <figs/ml_mean_juan-eps-converted-to.pdf>
(epstopdf)                    date: 2018-04-18 01:17:24
(epstopdf)                    size: 6374 bytes
(epstopdf)             Command: <repstopdf --outfile=figs/ml_mean_juan-eps-conv
erted-to.pdf figs/ml_mean_juan.eps>
(epstopdf)             \includegraphics on input line 156.
Package epstopdf Info: Output file is already uptodate.

<figs/ml_mean_juan-eps-converted-to.pdf, id=281, 562.1pt x 421.575pt>
File: figs/ml_mean_juan-eps-converted-to.pdf Graphic file (type pdf)

<use figs/ml_mean_juan-eps-converted-to.pdf>
Package pdftex.def Info: figs/ml_mean_juan-eps-converted-to.pdf used on input l
ine 156.
(pdftex.def)             Requested size: 426.79135pt x 320.09155pt.
 [11 <./figs/ess_juan-eps-converted-to.pdf>]
Package epstopdf Info: Source file: <figs/div_juan.eps>
(epstopdf)                    date: 2018-04-18 01:04:31
(epstopdf)                    size: 21424 bytes
(epstopdf)             Output file: <figs/div_juan-eps-converted-to.pdf>
(epstopdf)                    date: 2018-04-18 01:17:24
(epstopdf)                    size: 6559 bytes
(epstopdf)             Command: <repstopdf --outfile=figs/div_juan-eps-converte
d-to.pdf figs/div_juan.eps>
(epstopdf)             \includegraphics on input line 162.
Package epstopdf Info: Output file is already uptodate.
 <figs/div_juan-eps-converted-to.pdf, id=295, 562.1pt x 421.575pt>
File: figs/div_juan-eps-converted-to.pdf Graphic file (type pdf)

<use figs/div_juan-eps-converted-to.pdf>
Package pdftex.def Info: figs/div_juan-eps-converted-to.pdf used on input line 
162.
(pdftex.def)             Requested size: 426.79135pt x 320.09155pt.
 [12 <./figs/ess_level_juan-eps-converted-to.pdf>]
Package epstopdf Info: Source file: <figs/tp_juan.eps>
(epstopdf)                    date: 2018-04-18 01:04:25
(epstopdf)                    size: 273329 bytes
(epstopdf)             Output file: <figs/tp_juan-eps-converted-to.pdf>
(epstopdf)                    date: 2018-04-18 01:17:25
(epstopdf)                    size: 83925 bytes
(epstopdf)             Command: <repstopdf --outfile=figs/tp_juan-eps-converted
-to.pdf figs/tp_juan.eps>
(epstopdf)             \includegraphics on input line 168.
Package epstopdf Info: Output file is already uptodate.
 <figs/tp_juan-eps-converted-to.pdf, id=309, 562.1pt x 421.575pt>
File: figs/tp_juan-eps-converted-to.pdf Graphic file (type pdf)

<use figs/tp_juan-eps-converted-to.pdf>
Package pdftex.def Info: figs/tp_juan-eps-converted-to.pdf used on input line 1
68.
(pdftex.def)             Requested size: 426.79135pt x 320.09155pt.
 [13 <./figs/ml_mean_juan-eps-converted-to.pdf>] [14 <./figs/div_juan-eps-conve
rted-to.pdf>] (./ml_mcmc_1d.bbl

LaTeX Warning: Empty `thebibliography' environment on input line 3.

) [15 <./figs/tp_juan-eps-converted-to.pdf>] [16]
Package atveryend Info: Empty hook `BeforeClearDocument' on input line 201.
Package atveryend Info: Empty hook `AfterLastShipout' on input line 201.
 (./ml_mcmc_1d.aux)
Package atveryend Info: Executing hook `AtVeryEndDocument' on input line 201.
Package atveryend Info: Executing hook `AtEndAfterFileList' on input line 201.
Package rerunfilecheck Info: File `ml_mcmc_1d.out' has not changed.
(rerunfilecheck)             Checksum: 0D3164618EF9C90D13BBF479BC39CD36;712.
Package atveryend Info: Empty hook `AtVeryVeryEnd' on input line 201.
 )
(\end occurred inside a group at level 1)

### simple group (level 1) entered at line 1061 ({)
### bottom level 
Here is how much of TeX's memory you used:
 21115 strings out of 492995
 385698 string characters out of 6132703
 487861 words of memory out of 5000000
 24219 multiletter control sequences out of 15000+600000
 11848 words of font info for 46 fonts, out of 8000000 for 9000
 1141 hyphenation exceptions out of 8191
 62i,14n,96p,805b,2538s stack positions out of 5000i,500n,10000p,200000b,80000s
</usr/local/texlive/2017/texmf-dist/fonts/type1/public/amsfonts
/cm/cmbx12.pfb></usr/local/texlive/2017/texmf-dist/fonts/type1/public/amsfonts/
cm/cmex10.pfb></usr/local/texlive/2017/texmf-dist/fonts/type1/public/amsfonts/c
m/cmmi10.pfb></usr/local/texlive/2017/texmf-dist/fonts/type1/public/amsfonts/cm
/cmmi7.pfb></usr/local/texlive/2017/texmf-dist/fonts/type1/public/amsfonts/cm/c
mr10.pfb></usr/local/texlive/2017/texmf-dist/fonts/type1/public/amsfonts/cm/cmr
12.pfb></usr/local/texlive/2017/texmf-dist/fonts/type1/public/amsfonts/cm/cmr7.
pfb></usr/local/texlive/2017/texmf-dist/fonts/type1/public/amsfonts/cm/cmsy10.p
fb></usr/local/texlive/2017/texmf-dist/fonts/type1/public/amsfonts/cm/cmsy7.pfb
></usr/local/texlive/2017/texmf-dist/fonts/type1/public/amsfonts/cm/cmti10.pfb>

Output written on ml_mcmc_1d.pdf (16 pages, 5906853 bytes).
PDF statistics:
 407 PDF objects out of 1000 (max. 8388607)
 277 compressed objects within 3 object streams
 51 named destinations out of 1000 (max. 500000)
 214 words of extra memory for PDF output out of 10000 (max. 10000000)

