\BOOKMARK [1][-]{section.1}{Introduction, Setup, and Objectives}{}% 1
\BOOKMARK [2][-]{subsection.1.1}{Introduction}{section.1}% 2
\BOOKMARK [2][-]{subsection.1.2}{Objectives}{section.1}% 3
\BOOKMARK [2][-]{subsection.1.3}{Problem Set-up}{section.1}% 4
\BOOKMARK [3][-]{subsubsection.1.3.1}{Forward Problem}{subsection.1.3}% 5
\BOOKMARK [3][-]{subsubsection.1.3.2}{Observation Operator}{subsection.1.3}% 6
\BOOKMARK [3][-]{subsubsection.1.3.3}{Bayesian Formulation}{subsection.1.3}% 7
\BOOKMARK [1][-]{section.2}{State of the Art}{}% 8
\BOOKMARK [2][-]{subsection.2.1}{Seismic Inversion}{section.2}% 9
\BOOKMARK [2][-]{subsection.2.2}{Markov Chain Monte Carlo}{section.2}% 10
\BOOKMARK [2][-]{subsection.2.3}{Muti-level and Multi-index Markov Chain Monte Carlo}{section.2}% 11
\BOOKMARK [1][-]{section.3}{State of Our Research and First Results}{}% 12
\BOOKMARK [2][-]{subsection.3.1}{On the Well-Possedness of the BIP}{section.3}% 13
\BOOKMARK [2][-]{subsection.3.2}{Solving the Inverse Problem: The Tanzania Case Study}{section.3}% 14
\BOOKMARK [2][-]{subsection.3.3}{MLMCMC strategy}{section.3}% 15
\BOOKMARK [2][-]{subsection.3.4}{On how to generate }{section.3}% 16
\BOOKMARK [3][-]{subsubsection.3.4.1}{Ideal Proposal}{subsection.3.4}% 17
\BOOKMARK [3][-]{subsubsection.3.4.2}{Sampling From the Prior}{subsection.3.4}% 18
\BOOKMARK [3][-]{subsubsection.3.4.3}{KDE approximation}{subsection.3.4}% 19
\BOOKMARK [3][-]{subsubsection.3.4.4}{Laplace's Approximation}{subsection.3.4}% 20
\BOOKMARK [3][-]{subsubsection.3.4.5}{Optimization of a Parametric Family}{subsection.3.4}% 21
\BOOKMARK [1][-]{section.4}{Future planning}{}% 22
\BOOKMARK [1][-]{section.5}{Miscellaneous}{}% 23
\BOOKMARK [2][-]{subsection.5.1}{Conferences}{section.5}% 24
\BOOKMARK [2][-]{subsection.5.2}{Courses and Workshops Attended}{section.5}% 25
\BOOKMARK [2][-]{subsection.5.3}{Others}{section.5}% 26
